==============================================================
Vivado(TM) HLS - High-Level Synthesis from C, C++ and SystemC v2019.2.1 (64-bit)
Copyright 1986-2019 Xilinx, Inc. All Rights Reserved.
==============================================================
INFO: [HLS 200-10] Setting target device to 'xc7z020-clg484-1'
INFO: [SYN 201-201] Setting up clock 'default' with a period of 10ns.
INFO: [SCHED 204-61] Option 'relax_ii_for_timing' is enabled, will increase II to preserve clock frequency constraints.
INFO: [HLS 200-10] Analyzing design file 'kernel.cpp' ... 
WARNING: [HLS 214-114] Since the only kind of statements allowed in a canonical dataflow region are variable declarations and function calls, the compiler may not be able to correctly handle the region: kernel.cpp:75:5
WARNING: [HLS 214-114] Since the only kind of statements allowed in a canonical dataflow region are variable declarations and function calls, the compiler may not be able to correctly handle the region: kernel.cpp:94:2
WARNING: [HLS 214-114] Since the only kind of statements allowed in a canonical dataflow region are variable declarations and function calls, the compiler may not be able to correctly handle the region: kernel.cpp:144:5
WARNING: [HLS 214-167] There are a total of 28 such instances of non-canonical statements in the dataflow region: kernel.cpp:74:2
WARNING: [HLS 200-471] Dataflow form checks found 4 issue(s) in file kernel.cpp
INFO: [HLS 200-111] Finished Linking Time (s): cpu = 00:01:05 ; elapsed = 00:01:13 . Memory (MB): peak = 1060.684 ; gain = 530.188 ; free physical = 78500 ; free virtual = 116778
INFO: [HLS 200-111] Finished Checking Pragmas Time (s): cpu = 00:01:05 ; elapsed = 00:01:13 . Memory (MB): peak = 1060.684 ; gain = 530.188 ; free physical = 78500 ; free virtual = 116779
INFO: [HLS 200-10] Starting code transformations ...
INFO: [HLS 200-111] Finished Standard Transforms Time (s): cpu = 00:01:08 ; elapsed = 00:01:17 . Memory (MB): peak = 1060.684 ; gain = 530.188 ; free physical = 78447 ; free virtual = 116733
INFO: [HLS 200-10] Checking synthesizability ...
INFO: [HLS 200-111] Finished Checking Synthesizability Time (s): cpu = 00:01:10 ; elapsed = 00:01:19 . Memory (MB): peak = 1060.684 ; gain = 530.188 ; free physical = 78425 ; free virtual = 116714
INFO: [XFORM 203-502] Unrolling small iteration loop 'conv1_pad_indices' (kernel.cpp:75) in function 'test' automatically.
INFO: [XFORM 203-502] Unrolling small iteration loop 'conv1_nn' (kernel.cpp:94) in function 'test' automatically.
INFO: [XFORM 203-502] Unrolling all sub-loops inside loop 'conv1_pad_2' (kernel.cpp:99) in function 'test' for pipelining.
INFO: [XFORM 203-502] Unrolling all sub-loops inside loop 'conv1_line_buffer_2' (kernel.cpp:108) in function 'test' for pipelining.
INFO: [XFORM 203-502] Unrolling small iteration loop 'sum_x' (kernel.cpp:118) in function 'test' automatically.
INFO: [XFORM 203-502] Unrolling all sub-loops inside loop 'conv1_ra32' (kernel.cpp:121) in function 'test' for pipelining.
INFO: [XFORM 203-502] Unrolling small iteration loop 'relu1_y' (kernel.cpp:144) in function 'test' automatically.
INFO: [XFORM 203-502] Unrolling small iteration loop 'pool1_i2' (kernel.cpp:178) in function 'test' automatically.
INFO: [XFORM 203-502] Unrolling all sub-loops inside loop 'pool1_w' (kernel.cpp:181) in function 'test' for pipelining.
INFO: [XFORM 203-502] Unrolling small iteration loop 'conv2_pad_indices2' (kernel.cpp:210) in function 'test' automatically.
INFO: [XFORM 203-502] Unrolling small iteration loop 'conv2_nn1' (kernel.cpp:232) in function 'test' automatically.
INFO: [XFORM 203-502] Unrolling all sub-loops inside loop 'conv2_pad_2' (kernel.cpp:237) in function 'test' for pipelining.
INFO: [XFORM 203-502] Unrolling all sub-loops inside loop 'conv2_line_buffer_2' (kernel.cpp:246) in function 'test' for pipelining.
INFO: [XFORM 203-502] Unrolling small iteration loop 'sum_x2' (kernel.cpp:256) in function 'test' automatically.
INFO: [XFORM 203-502] Unrolling all sub-loops inside loop 'conv2_ra37' (kernel.cpp:259) in function 'test' for pipelining.
INFO: [XFORM 203-502] Unrolling small iteration loop 'relu2_y1' (kernel.cpp:280) in function 'test' automatically.
INFO: [XFORM 203-502] Unrolling small iteration loop 'pool2_i5' (kernel.cpp:313) in function 'test' automatically.
INFO: [XFORM 203-502] Unrolling all sub-loops inside loop 'pool2_w1' (kernel.cpp:316) in function 'test' for pipelining.
INFO: [XFORM 203-502] Unrolling small iteration loop 'conv3_pad_indices4' (kernel.cpp:339) in function 'test' automatically.
INFO: [XFORM 203-502] Unrolling small iteration loop 'conv3_nn2' (kernel.cpp:361) in function 'test' automatically.
INFO: [XFORM 203-502] Unrolling all sub-loops inside loop 'conv3_pad_2' (kernel.cpp:366) in function 'test' for pipelining.
INFO: [XFORM 203-502] Unrolling all sub-loops inside loop 'conv3_line_buffer_2' (kernel.cpp:375) in function 'test' for pipelining.
INFO: [XFORM 203-502] Unrolling small iteration loop 'sum_x4' (kernel.cpp:385) in function 'test' automatically.
INFO: [XFORM 203-502] Unrolling all sub-loops inside loop 'conv3_ra42' (kernel.cpp:388) in function 'test' for pipelining.
INFO: [XFORM 203-502] Unrolling small iteration loop 'relu3_y2' (kernel.cpp:409) in function 'test' automatically.
INFO: [XFORM 203-502] Unrolling small iteration loop 'pool3_i8' (kernel.cpp:442) in function 'test' automatically.
INFO: [XFORM 203-502] Unrolling all sub-loops inside loop 'pool3_w2' (kernel.cpp:445) in function 'test' for pipelining.
INFO: [XFORM 203-502] Unrolling small iteration loop 'conv4_pad_indices6' (kernel.cpp:468) in function 'test' automatically.
INFO: [XFORM 203-502] Unrolling small iteration loop 'conv4_nn3' (kernel.cpp:490) in function 'test' automatically.
INFO: [XFORM 203-502] Unrolling all sub-loops inside loop 'conv4_pad_2' (kernel.cpp:495) in function 'test' for pipelining.
INFO: [XFORM 203-502] Unrolling all sub-loops inside loop 'conv4_line_buffer_2' (kernel.cpp:504) in function 'test' for pipelining.
INFO: [XFORM 203-502] Unrolling small iteration loop 'sum_x6' (kernel.cpp:514) in function 'test' automatically.
INFO: [XFORM 203-502] Unrolling all sub-loops inside loop 'conv4_ra47' (kernel.cpp:517) in function 'test' for pipelining.
INFO: [XFORM 203-502] Unrolling small iteration loop 'relu4_y3' (kernel.cpp:538) in function 'test' automatically.
INFO: [XFORM 203-502] Unrolling small iteration loop 'pool4_i11' (kernel.cpp:571) in function 'test' automatically.
INFO: [XFORM 203-502] Unrolling all sub-loops inside loop 'pool4_w3' (kernel.cpp:574) in function 'test' for pipelining.
INFO: [XFORM 203-502] Unrolling small iteration loop 'conv5_pad_indices8' (kernel.cpp:597) in function 'test' automatically.
INFO: [XFORM 203-502] Unrolling small iteration loop 'conv5_nn4' (kernel.cpp:619) in function 'test' automatically.
INFO: [XFORM 203-502] Unrolling all sub-loops inside loop 'conv5_pad_2' (kernel.cpp:624) in function 'test' for pipelining.
INFO: [XFORM 203-502] Unrolling all sub-loops inside loop 'conv5_line_buffer_2' (kernel.cpp:633) in function 'test' for pipelining.
INFO: [XFORM 203-502] Unrolling small iteration loop 'sum_x8' (kernel.cpp:643) in function 'test' automatically.
INFO: [XFORM 203-502] Unrolling all sub-loops inside loop 'conv5_ra52' (kernel.cpp:646) in function 'test' for pipelining.
INFO: [XFORM 203-502] Unrolling small iteration loop 'relu5_y4' (kernel.cpp:669) in function 'test' automatically.
INFO: [XFORM 203-502] Unrolling small iteration loop 'conv6_pad_indices9' (kernel.cpp:689) in function 'test' automatically.
INFO: [XFORM 203-502] Unrolling small iteration loop 'conv6_nn5' (kernel.cpp:711) in function 'test' automatically.
INFO: [XFORM 203-502] Unrolling all sub-loops inside loop 'conv6_pad_2' (kernel.cpp:716) in function 'test' for pipelining.
INFO: [XFORM 203-502] Unrolling all sub-loops inside loop 'conv6_line_buffer_2' (kernel.cpp:725) in function 'test' for pipelining.
INFO: [XFORM 203-502] Unrolling small iteration loop 'sum_x9' (kernel.cpp:735) in function 'test' automatically.
INFO: [XFORM 203-502] Unrolling all sub-loops inside loop 'conv6_ra55' (kernel.cpp:738) in function 'test' for pipelining.
INFO: [XFORM 203-502] Unrolling small iteration loop 'relu6_y5' (kernel.cpp:761) in function 'test' automatically.
INFO: [XFORM 203-502] Unrolling small iteration loop 'conv7_pad_indices10' (kernel.cpp:781) in function 'test' automatically.
INFO: [XFORM 203-502] Unrolling small iteration loop 'conv7_nn6' (kernel.cpp:803) in function 'test' automatically.
INFO: [XFORM 203-502] Unrolling all sub-loops inside loop 'conv7_pad_2' (kernel.cpp:808) in function 'test' for pipelining.
INFO: [XFORM 203-502] Unrolling all sub-loops inside loop 'conv7_line_buffer_2' (kernel.cpp:817) in function 'test' for pipelining.
INFO: [XFORM 203-502] Unrolling small iteration loop 'sum_x10' (kernel.cpp:827) in function 'test' automatically.
INFO: [XFORM 203-502] Unrolling all sub-loops inside loop 'conv7_ra58' (kernel.cpp:830) in function 'test' for pipelining.
INFO: [XFORM 203-502] Unrolling small iteration loop 'relu7_y6' (kernel.cpp:853) in function 'test' automatically.
INFO: [XFORM 203-502] Unrolling small iteration loop 'conv8_pad_indices11' (kernel.cpp:879) in function 'test' automatically.
INFO: [XFORM 203-502] Unrolling small iteration loop 'conv8_nn7' (kernel.cpp:901) in function 'test' automatically.
INFO: [XFORM 203-502] Unrolling all sub-loops inside loop 'conv8_pad_2' (kernel.cpp:906) in function 'test' for pipelining.
INFO: [XFORM 203-502] Unrolling all sub-loops inside loop 'conv8_line_buffer_2' (kernel.cpp:915) in function 'test' for pipelining.
INFO: [XFORM 203-502] Unrolling small iteration loop 'sum_x11' (kernel.cpp:925) in function 'test' automatically.
INFO: [XFORM 203-502] Unrolling all sub-loops inside loop 'conv8_ra61' (kernel.cpp:928) in function 'test' for pipelining.
INFO: [XFORM 203-502] Unrolling small iteration loop 'result_x12' (kernel.cpp:974) in function 'test' automatically.
INFO: [HLS 200-489] Unrolling loop 'conv1_pad_indices' (kernel.cpp:75) in function 'test' completely with a factor of 1.
INFO: [HLS 200-489] Unrolling loop 'conv1_nn' (kernel.cpp:94) in function 'test' completely with a factor of 1.
INFO: [HLS 200-489] Unrolling loop 'conv1_pad_1' (kernel.cpp:101) in function 'test' completely with a factor of 2.
INFO: [HLS 200-489] Unrolling loop 'conv1_line_buffer_0' (kernel.cpp:110) in function 'test' completely with a factor of 2.
INFO: [HLS 200-489] Unrolling loop 'sum_x' (kernel.cpp:118) in function 'test' completely with a factor of 1.
INFO: [HLS 200-489] Unrolling loop 'conv1_ra33' (kernel.cpp:123) in function 'test' completely with a factor of 3.
INFO: [HLS 200-489] Unrolling loop 'conv1_ra34' (kernel.cpp:124) in function 'test' completely with a factor of 3.
INFO: [HLS 200-489] Unrolling loop 'relu1_y' (kernel.cpp:144) in function 'test' completely with a factor of 1.
INFO: [HLS 200-489] Unrolling loop 'pool1_i2' (kernel.cpp:178) in function 'test' completely with a factor of 1.
INFO: [HLS 200-489] Unrolling loop 'reducer4_x1' (kernel.cpp:184) in function 'test' completely with a factor of 1.
INFO: [HLS 200-489] Unrolling loop 'pool1_ra35' (kernel.cpp:187) in function 'test' completely with a factor of 2.
INFO: [HLS 200-489] Unrolling loop 'pool1_ra36' (kernel.cpp:188) in function 'test' completely with a factor of 2.
INFO: [HLS 200-489] Unrolling loop 'conv2_pad_indices2' (kernel.cpp:210) in function 'test' completely with a factor of 1.
INFO: [HLS 200-489] Unrolling loop 'conv2_nn1' (kernel.cpp:232) in function 'test' completely with a factor of 1.
INFO: [HLS 200-489] Unrolling loop 'conv2_pad_1' (kernel.cpp:239) in function 'test' completely with a factor of 2.
INFO: [HLS 200-489] Unrolling loop 'conv2_line_buffer_0' (kernel.cpp:248) in function 'test' completely with a factor of 2.
INFO: [HLS 200-489] Unrolling loop 'sum_x2' (kernel.cpp:256) in function 'test' completely with a factor of 1.
INFO: [HLS 200-489] Unrolling loop 'conv2_ra38' (kernel.cpp:261) in function 'test' completely with a factor of 3.
INFO: [HLS 200-489] Unrolling loop 'conv2_ra39' (kernel.cpp:262) in function 'test' completely with a factor of 3.
INFO: [HLS 200-489] Unrolling loop 'relu2_y1' (kernel.cpp:280) in function 'test' completely with a factor of 1.
INFO: [HLS 200-489] Unrolling loop 'pool2_i5' (kernel.cpp:313) in function 'test' completely with a factor of 1.
INFO: [HLS 200-489] Unrolling loop 'reducer5_x3' (kernel.cpp:319) in function 'test' completely with a factor of 1.
INFO: [HLS 200-489] Unrolling loop 'pool2_ra40' (kernel.cpp:322) in function 'test' completely with a factor of 2.
INFO: [HLS 200-489] Unrolling loop 'pool2_ra41' (kernel.cpp:323) in function 'test' completely with a factor of 2.
INFO: [HLS 200-489] Unrolling loop 'conv3_pad_indices4' (kernel.cpp:339) in function 'test' completely with a factor of 1.
INFO: [HLS 200-489] Unrolling loop 'conv3_nn2' (kernel.cpp:361) in function 'test' completely with a factor of 1.
INFO: [HLS 200-489] Unrolling loop 'conv3_pad_1' (kernel.cpp:368) in function 'test' completely with a factor of 2.
INFO: [HLS 200-489] Unrolling loop 'conv3_line_buffer_0' (kernel.cpp:377) in function 'test' completely with a factor of 2.
INFO: [HLS 200-489] Unrolling loop 'sum_x4' (kernel.cpp:385) in function 'test' completely with a factor of 1.
INFO: [HLS 200-489] Unrolling loop 'conv3_ra43' (kernel.cpp:390) in function 'test' completely with a factor of 3.
INFO: [HLS 200-489] Unrolling loop 'conv3_ra44' (kernel.cpp:391) in function 'test' completely with a factor of 3.
INFO: [HLS 200-489] Unrolling loop 'relu3_y2' (kernel.cpp:409) in function 'test' completely with a factor of 1.
INFO: [HLS 200-489] Unrolling loop 'pool3_i8' (kernel.cpp:442) in function 'test' completely with a factor of 1.
INFO: [HLS 200-489] Unrolling loop 'reducer6_x5' (kernel.cpp:448) in function 'test' completely with a factor of 1.
INFO: [HLS 200-489] Unrolling loop 'pool3_ra45' (kernel.cpp:451) in function 'test' completely with a factor of 2.
INFO: [HLS 200-489] Unrolling loop 'pool3_ra46' (kernel.cpp:452) in function 'test' completely with a factor of 2.
INFO: [HLS 200-489] Unrolling loop 'conv4_pad_indices6' (kernel.cpp:468) in function 'test' completely with a factor of 1.
INFO: [HLS 200-489] Unrolling loop 'conv4_nn3' (kernel.cpp:490) in function 'test' completely with a factor of 1.
INFO: [HLS 200-489] Unrolling loop 'conv4_pad_1' (kernel.cpp:497) in function 'test' completely with a factor of 2.
INFO: [HLS 200-489] Unrolling loop 'conv4_line_buffer_0' (kernel.cpp:506) in function 'test' completely with a factor of 2.
INFO: [HLS 200-489] Unrolling loop 'sum_x6' (kernel.cpp:514) in function 'test' completely with a factor of 1.
INFO: [HLS 200-489] Unrolling loop 'conv4_ra48' (kernel.cpp:519) in function 'test' completely with a factor of 3.
INFO: [HLS 200-489] Unrolling loop 'conv4_ra49' (kernel.cpp:520) in function 'test' completely with a factor of 3.
INFO: [HLS 200-489] Unrolling loop 'relu4_y3' (kernel.cpp:538) in function 'test' completely with a factor of 1.
INFO: [HLS 200-489] Unrolling loop 'pool4_i11' (kernel.cpp:571) in function 'test' completely with a factor of 1.
INFO: [HLS 200-489] Unrolling loop 'reducer7_x7' (kernel.cpp:577) in function 'test' completely with a factor of 1.
INFO: [HLS 200-489] Unrolling loop 'pool4_ra50' (kernel.cpp:580) in function 'test' completely with a factor of 2.
INFO: [HLS 200-489] Unrolling loop 'pool4_ra51' (kernel.cpp:581) in function 'test' completely with a factor of 2.
INFO: [HLS 200-489] Unrolling loop 'conv5_pad_indices8' (kernel.cpp:597) in function 'test' completely with a factor of 1.
INFO: [HLS 200-489] Unrolling loop 'conv5_nn4' (kernel.cpp:619) in function 'test' completely with a factor of 1.
INFO: [HLS 200-489] Unrolling loop 'conv5_pad_1' (kernel.cpp:626) in function 'test' completely with a factor of 2.
INFO: [HLS 200-489] Unrolling loop 'conv5_line_buffer_0' (kernel.cpp:635) in function 'test' completely with a factor of 2.
INFO: [HLS 200-489] Unrolling loop 'sum_x8' (kernel.cpp:643) in function 'test' completely with a factor of 1.
INFO: [HLS 200-489] Unrolling loop 'conv5_ra53' (kernel.cpp:648) in function 'test' completely with a factor of 3.
INFO: [HLS 200-489] Unrolling loop 'conv5_ra54' (kernel.cpp:649) in function 'test' completely with a factor of 3.
INFO: [HLS 200-489] Unrolling loop 'relu5_y4' (kernel.cpp:669) in function 'test' completely with a factor of 1.
INFO: [HLS 200-489] Unrolling loop 'conv6_pad_indices9' (kernel.cpp:689) in function 'test' completely with a factor of 1.
INFO: [HLS 200-489] Unrolling loop 'conv6_nn5' (kernel.cpp:711) in function 'test' completely with a factor of 1.
INFO: [HLS 200-489] Unrolling loop 'conv6_pad_1' (kernel.cpp:718) in function 'test' completely with a factor of 2.
INFO: [HLS 200-489] Unrolling loop 'conv6_line_buffer_0' (kernel.cpp:727) in function 'test' completely with a factor of 2.
INFO: [HLS 200-489] Unrolling loop 'sum_x9' (kernel.cpp:735) in function 'test' completely with a factor of 1.
INFO: [HLS 200-489] Unrolling loop 'conv6_ra56' (kernel.cpp:740) in function 'test' completely with a factor of 3.
INFO: [HLS 200-489] Unrolling loop 'conv6_ra57' (kernel.cpp:741) in function 'test' completely with a factor of 3.
INFO: [HLS 200-489] Unrolling loop 'relu6_y5' (kernel.cpp:761) in function 'test' completely with a factor of 1.
INFO: [HLS 200-489] Unrolling loop 'conv7_pad_indices10' (kernel.cpp:781) in function 'test' completely with a factor of 1.
INFO: [HLS 200-489] Unrolling loop 'conv7_nn6' (kernel.cpp:803) in function 'test' completely with a factor of 1.
INFO: [HLS 200-489] Unrolling loop 'conv7_pad_1' (kernel.cpp:810) in function 'test' completely with a factor of 2.
INFO: [HLS 200-489] Unrolling loop 'conv7_line_buffer_0' (kernel.cpp:819) in function 'test' completely with a factor of 2.
INFO: [HLS 200-489] Unrolling loop 'sum_x10' (kernel.cpp:827) in function 'test' completely with a factor of 1.
INFO: [HLS 200-489] Unrolling loop 'conv7_ra59' (kernel.cpp:832) in function 'test' completely with a factor of 3.
INFO: [HLS 200-489] Unrolling loop 'conv7_ra60' (kernel.cpp:833) in function 'test' completely with a factor of 3.
INFO: [HLS 200-489] Unrolling loop 'relu7_y6' (kernel.cpp:853) in function 'test' completely with a factor of 1.
INFO: [HLS 200-489] Unrolling loop 'conv8_pad_indices11' (kernel.cpp:879) in function 'test' completely with a factor of 1.
INFO: [HLS 200-489] Unrolling loop 'conv8_nn7' (kernel.cpp:901) in function 'test' completely with a factor of 1.
INFO: [HLS 200-489] Unrolling loop 'conv8_pad_1' (kernel.cpp:908) in function 'test' completely with a factor of 2.
INFO: [HLS 200-489] Unrolling loop 'conv8_line_buffer_0' (kernel.cpp:917) in function 'test' completely with a factor of 2.
INFO: [HLS 200-489] Unrolling loop 'sum_x11' (kernel.cpp:925) in function 'test' completely with a factor of 1.
INFO: [HLS 200-489] Unrolling loop 'conv8_ra62' (kernel.cpp:930) in function 'test' completely with a factor of 3.
INFO: [HLS 200-489] Unrolling loop 'conv8_ra63' (kernel.cpp:931) in function 'test' completely with a factor of 3.
INFO: [HLS 200-489] Unrolling loop 'result_x12' (kernel.cpp:974) in function 'test' completely with a factor of 1.
INFO: [XFORM 203-102] Partitioning array 'conv1_line_buffer.V' (kernel.cpp:88) in dimension 1 automatically.
INFO: [XFORM 203-102] Partitioning array 'conv1_window_buffer.V' (kernel.cpp:90) in dimension 1 automatically.
INFO: [XFORM 203-102] Partitioning array 'relu1.V' (kernel.cpp:143) in dimension 1 automatically.
INFO: [XFORM 203-102] Partitioning array 'conv2_line_buffer.V' (kernel.cpp:228) in dimension 1 automatically.
INFO: [XFORM 203-102] Partitioning array 'conv2_window_buffer.V' (kernel.cpp:229) in dimension 1 automatically.
INFO: [XFORM 203-102] Partitioning array 'relu2.V' (kernel.cpp:279) in dimension 1 automatically.
INFO: [XFORM 203-102] Partitioning array 'conv3_line_buffer.V' (kernel.cpp:357) in dimension 1 automatically.
INFO: [XFORM 203-102] Partitioning array 'conv3_window_buffer.V' (kernel.cpp:358) in dimension 1 automatically.
INFO: [XFORM 203-102] Partitioning array 'relu3.V' (kernel.cpp:408) in dimension 1 automatically.
INFO: [XFORM 203-102] Partitioning array 'conv4_line_buffer.V' (kernel.cpp:486) in dimension 1 automatically.
INFO: [XFORM 203-102] Partitioning array 'conv4_window_buffer.V' (kernel.cpp:487) in dimension 1 automatically.
INFO: [XFORM 203-102] Partitioning array 'relu4.V' (kernel.cpp:537) in dimension 1 automatically.
INFO: [XFORM 203-102] Partitioning array 'conv5_line_buffer.V' (kernel.cpp:615) in dimension 1 automatically.
INFO: [XFORM 203-102] Partitioning array 'conv5_window_buffer.V' (kernel.cpp:616) in dimension 1 automatically.
INFO: [XFORM 203-102] Partitioning array 'conv6_line_buffer.V' (kernel.cpp:707) in dimension 1 automatically.
INFO: [XFORM 203-102] Partitioning array 'conv6_window_buffer.V' (kernel.cpp:708) in dimension 1 automatically.
INFO: [XFORM 203-102] Partitioning array 'conv7_line_buffer.V' (kernel.cpp:799) in dimension 1 automatically.
INFO: [XFORM 203-102] Partitioning array 'conv7_window_buffer.V' (kernel.cpp:800) in dimension 1 automatically.
INFO: [XFORM 203-102] Partitioning array 'conv8_line_buffer.V' (kernel.cpp:897) in dimension 1 automatically.
INFO: [XFORM 203-102] Partitioning array 'conv8_window_buffer.V' (kernel.cpp:898) in dimension 1 automatically.
INFO: [XFORM 203-102] Partitioning array 'conv1_window_buffer.V.0' (kernel.cpp:90) in dimension 3 automatically.
INFO: [XFORM 203-102] Partitioning array 'conv2_window_buffer.V.0' (kernel.cpp:229) in dimension 3 automatically.
INFO: [XFORM 203-102] Partitioning array 'conv3_window_buffer.V.0' (kernel.cpp:358) in dimension 3 automatically.
INFO: [XFORM 203-102] Partitioning array 'conv4_window_buffer.V.0' (kernel.cpp:487) in dimension 3 automatically.
INFO: [XFORM 203-102] Partitioning array 'conv5_window_buffer.V.0' (kernel.cpp:616) in dimension 3 automatically.
INFO: [XFORM 203-102] Partitioning array 'conv6_window_buffer.V.0' (kernel.cpp:708) in dimension 3 automatically.
INFO: [XFORM 203-102] Partitioning array 'conv7_window_buffer.V.0' (kernel.cpp:800) in dimension 3 automatically.
INFO: [XFORM 203-102] Partitioning array 'conv8_window_buffer.V.0' (kernel.cpp:898) in dimension 3 automatically.
INFO: [XFORM 203-101] Partitioning array 'weight_conv1.V' (kernel.cpp:48) in dimension 2 completely.
INFO: [XFORM 203-101] Partitioning array 'weight_conv2.V' (kernel.cpp:48) in dimension 2 completely.
INFO: [XFORM 203-101] Partitioning array 'weight_conv3.V' (kernel.cpp:48) in dimension 2 completely.
WARNING: [XFORM 203-104] Completely partitioning array 'weight_conv4.V' (kernel.cpp:48) accessed through non-constant indices on dimension 2 (kernel.cpp:521:70), which may result in long runtime and suboptimal QoR due to large multiplexers. Please consider wrapping the array access into a function or using a register file core instead.
INFO: [XFORM 203-101] Partitioning array 'weight_conv4.V' (kernel.cpp:48) in dimension 2 completely.
WARNING: [XFORM 203-104] Completely partitioning array 'weight_conv5.V' (kernel.cpp:48) accessed through non-constant indices on dimension 2 (kernel.cpp:650:71), which may result in long runtime and suboptimal QoR due to large multiplexers. Please consider wrapping the array access into a function or using a register file core instead.
INFO: [XFORM 203-101] Partitioning array 'weight_conv5.V' (kernel.cpp:48) in dimension 2 completely.
WARNING: [XFORM 203-104] Completely partitioning array 'weight_conv6.V' (kernel.cpp:48) accessed through non-constant indices on dimension 2 (kernel.cpp:742:72), which may result in long runtime and suboptimal QoR due to large multiplexers. Please consider wrapping the array access into a function or using a register file core instead.
INFO: [XFORM 203-101] Partitioning array 'weight_conv6.V' (kernel.cpp:48) in dimension 2 completely.
WARNING: [XFORM 203-104] Completely partitioning array 'weight_conv7.V' (kernel.cpp:48) accessed through non-constant indices on dimension 2 (kernel.cpp:834:73), which may result in long runtime and suboptimal QoR due to large multiplexers. Please consider wrapping the array access into a function or using a register file core instead.
INFO: [XFORM 203-101] Partitioning array 'weight_conv7.V' (kernel.cpp:48) in dimension 2 completely.
WARNING: [XFORM 203-104] Completely partitioning array 'weight_conv8.V' (kernel.cpp:48) accessed through non-constant indices on dimension 2 (kernel.cpp:932:74), which may result in long runtime and suboptimal QoR due to large multiplexers. Please consider wrapping the array access into a function or using a register file core instead.
INFO: [XFORM 203-101] Partitioning array 'weight_conv8.V' (kernel.cpp:48) in dimension 2 completely.
