

================================================================
== Vivado HLS Report for 'relu_bn4'
================================================================
* Date:           Mon Dec  5 18:24:18 2022

* Version:        2019.2.1 (Build 2724168 on Thu Dec 05 05:19:09 MST 2019)
* Project:        out_dataflow.prj
* Solution:       solution1
* Product family: zynquplus
* Target device:  xczu3eg-sbva484-1-i


================================================================
== Performance Estimates
================================================================
+ Timing: 
    * Summary: 
    +--------+----------+----------+------------+
    |  Clock |  Target  | Estimated| Uncertainty|
    +--------+----------+----------+------------+
    |ap_clk  | 10.00 ns | 8.525 ns |   1.25 ns  |
    +--------+----------+----------+------------+

+ Latency: 
    * Summary: 
    +---------+---------+----------+----------+-------+-------+---------+
    |  Latency (cycles) |  Latency (absolute) |    Interval   | Pipeline|
    |   min   |   max   |    min   |    max   |  min  |  max  |   Type  |
    +---------+---------+----------+----------+-------+-------+---------+
    |    51202|    51202| 0.512 ms | 0.512 ms |  51202|  51202|   none  |
    +---------+---------+----------+----------+-------+-------+---------+

    + Detail: 
        * Instance: 
        N/A

        * Loop: 
        +------------------------------------------+---------+---------+----------+-----------+-----------+-------+----------+
        |                                          |  Latency (cycles) | Iteration|  Initiation Interval  |  Trip |          |
        |                 Loop Name                |   min   |   max   |  Latency |  achieved |   target  | Count | Pipelined|
        +------------------------------------------+---------+---------+----------+-----------+-----------+-------+----------+
        |- relu4_args03_relu4_args13_relu4_args23  |    51200|    51200|         2|          1|          1|  51200|    yes   |
        +------------------------------------------+---------+---------+----------+-----------+-----------+-------+----------+



================================================================
== Utilization Estimates
================================================================
* Summary: 
+-----------------+---------+-------+--------+-------+-----+
|       Name      | BRAM_18K| DSP48E|   FF   |  LUT  | URAM|
+-----------------+---------+-------+--------+-------+-----+
|DSP              |        -|      1|       -|      -|    -|
|Expression       |        -|      -|       0|    157|    -|
|FIFO             |        -|      -|       -|      -|    -|
|Instance         |        -|      -|       -|      -|    -|
|Memory           |        1|      -|       8|      8|    -|
|Multiplexer      |        -|      -|       -|     99|    -|
|Register         |        -|      -|      44|      -|    -|
+-----------------+---------+-------+--------+-------+-----+
|Total            |        1|      1|      52|    264|    0|
+-----------------+---------+-------+--------+-------+-----+
|Available        |      432|    360|  141120|  70560|    0|
+-----------------+---------+-------+--------+-------+-----+
|Utilization (%)  |    ~0   |   ~0  |   ~0   |   ~0  |    0|
+-----------------+---------+-------+--------+-------+-----+

+ Detail: 
    * Instance: 
    N/A

    * DSP48E: 
    +---------------------------+----------------------+--------------+
    |          Instance         |        Module        |  Expression  |
    +---------------------------+----------------------+--------------+
    |test_mac_muladd_1otc_U805  |test_mac_muladd_1otc  | i0 * i1 + i2 |
    +---------------------------+----------------------+--------------+

    * Memory: 
    +------------------+----------------------+---------+---+----+-----+------+-----+------+-------------+
    |      Memory      |        Module        | BRAM_18K| FF| LUT| URAM| Words| Bits| Banks| W*Bits*Banks|
    +------------------+----------------------+---------+---+----+-----+------+-----+------+-------------+
    |a_batchnorm4_V_U  |relu_bn4_a_batchnorc  |        0|  8|   8|    0|    64|    8|     1|          512|
    |b_batchnorm4_V_U  |relu_bn4_b_batchnosc  |        1|  0|   0|    0|    64|   20|     1|         1280|
    +------------------+----------------------+---------+---+----+-----+------+-----+------+-------------+
    |Total             |                      |        1|  8|   8|    0|   128|   28|     2|         1792|
    +------------------+----------------------+---------+---+----+-----+------+-----+------+-------------+

    * FIFO: 
    N/A

    * Expression: 
    +----------------------------------+----------+-------+---+----+------------+------------+
    |           Variable Name          | Operation| DSP48E| FF| LUT| Bitwidth P0| Bitwidth P1|
    +----------------------------------+----------+-------+---+----+------------+------------+
    |add_ln533_fu_192_p2               |     +    |      0|  0|  23|          16|           1|
    |add_ln534_fu_248_p2               |     +    |      0|  0|  20|           1|          13|
    |add_ln535_fu_242_p2               |     +    |      0|  0|  15|           1|           7|
    |and_ln534_fu_216_p2               |    and   |      0|  0|   2|           1|           1|
    |ap_block_pp0_stage0_01001         |    and   |      0|  0|   2|           1|           1|
    |icmp_ln1495_fu_290_p2             |   icmp   |      0|  0|  13|          15|           9|
    |icmp_ln533_fu_186_p2              |   icmp   |      0|  0|  13|          16|          15|
    |icmp_ln534_fu_198_p2              |   icmp   |      0|  0|  13|          13|          12|
    |icmp_ln535_fu_210_p2              |   icmp   |      0|  0|  11|           7|           8|
    |ap_block_state1                   |    or    |      0|  0|   2|           1|           1|
    |ap_block_state3_pp0_stage0_iter1  |    or    |      0|  0|   2|           1|           1|
    |or_ln1495_fu_313_p2               |    or    |      0|  0|   2|           1|           1|
    |or_ln535_fu_222_p2                |    or    |      0|  0|   2|           1|           1|
    |relu4_pipe_8_V_V_din              |  select  |      0|  0|   5|           1|           5|
    |select_ln1495_fu_305_p3           |  select  |      0|  0|   6|           1|           1|
    |select_ln534_fu_254_p3            |  select  |      0|  0|  13|           1|           1|
    |select_ln535_fu_228_p3            |  select  |      0|  0|   7|           1|           1|
    |ap_enable_pp0                     |    xor   |      0|  0|   2|           1|           2|
    |ap_enable_reg_pp0_iter1           |    xor   |      0|  0|   2|           2|           1|
    |xor_ln534_fu_204_p2               |    xor   |      0|  0|   2|           1|           2|
    +----------------------------------+----------+-------+---+----+------------+------------+
    |Total                             |          |      0|  0| 157|          83|          84|
    +----------------------------------+----------+-------+---+----+------------+------------+

    * Multiplexer: 
    +--------------------------+----+-----------+-----+-----------+
    |           Name           | LUT| Input Size| Bits| Total Bits|
    +--------------------------+----+-----------+-----+-----------+
    |ap_NS_fsm                 |  21|          4|    1|          4|
    |ap_done                   |   9|          2|    1|          2|
    |ap_enable_reg_pp0_iter1   |  15|          3|    1|          3|
    |args23_0_0_reg_175        |   9|          2|    7|         14|
    |conv4_pipe_7_V_V_blk_n    |   9|          2|    1|          2|
    |indvar_flatten11_reg_153  |   9|          2|   16|         32|
    |indvar_flatten_reg_164    |   9|          2|   13|         26|
    |real_start                |   9|          2|    1|          2|
    |relu4_pipe_8_V_V_blk_n    |   9|          2|    1|          2|
    +--------------------------+----+-----------+-----+-----------+
    |Total                     |  99|         21|   42|         87|
    +--------------------------+----+-----------+-----+-----------+

    * Register: 
    +--------------------------+----+----+-----+-----------+
    |           Name           | FF | LUT| Bits| Const Bits|
    +--------------------------+----+----+-----+-----------+
    |ap_CS_fsm                 |   3|   0|    3|          0|
    |ap_done_reg               |   1|   0|    1|          0|
    |ap_enable_reg_pp0_iter0   |   1|   0|    1|          0|
    |ap_enable_reg_pp0_iter1   |   1|   0|    1|          0|
    |args23_0_0_reg_175        |   7|   0|    7|          0|
    |icmp_ln533_reg_339        |   1|   0|    1|          0|
    |indvar_flatten11_reg_153  |  16|   0|   16|          0|
    |indvar_flatten_reg_164    |  13|   0|   13|          0|
    |start_once_reg            |   1|   0|    1|          0|
    +--------------------------+----+----+-----+-----------+
    |Total                     |  44|   0|   44|          0|
    +--------------------------+----+----+-----+-----------+



================================================================
== Interface
================================================================
* Summary: 
+--------------------------+-----+-----+------------+------------------+--------------+
|         RTL Ports        | Dir | Bits|  Protocol  |   Source Object  |    C Type    |
+--------------------------+-----+-----+------------+------------------+--------------+
|ap_clk                    |  in |    1| ap_ctrl_hs |     relu_bn4     | return value |
|ap_rst                    |  in |    1| ap_ctrl_hs |     relu_bn4     | return value |
|ap_start                  |  in |    1| ap_ctrl_hs |     relu_bn4     | return value |
|start_full_n              |  in |    1| ap_ctrl_hs |     relu_bn4     | return value |
|ap_done                   | out |    1| ap_ctrl_hs |     relu_bn4     | return value |
|ap_continue               |  in |    1| ap_ctrl_hs |     relu_bn4     | return value |
|ap_idle                   | out |    1| ap_ctrl_hs |     relu_bn4     | return value |
|ap_ready                  | out |    1| ap_ctrl_hs |     relu_bn4     | return value |
|start_out                 | out |    1| ap_ctrl_hs |     relu_bn4     | return value |
|start_write               | out |    1| ap_ctrl_hs |     relu_bn4     | return value |
|conv4_pipe_7_V_V_dout     |  in |   16|   ap_fifo  | conv4_pipe_7_V_V |    pointer   |
|conv4_pipe_7_V_V_empty_n  |  in |    1|   ap_fifo  | conv4_pipe_7_V_V |    pointer   |
|conv4_pipe_7_V_V_read     | out |    1|   ap_fifo  | conv4_pipe_7_V_V |    pointer   |
|relu4_pipe_8_V_V_din      | out |    5|   ap_fifo  | relu4_pipe_8_V_V |    pointer   |
|relu4_pipe_8_V_V_full_n   |  in |    1|   ap_fifo  | relu4_pipe_8_V_V |    pointer   |
|relu4_pipe_8_V_V_write    | out |    1|   ap_fifo  | relu4_pipe_8_V_V |    pointer   |
+--------------------------+-----+-----+------------+------------------+--------------+

