

================================================================
== Vivado HLS Report for 'relu_bn3'
================================================================
* Date:           Mon Dec  5 18:21:55 2022

* Version:        2019.2.1 (Build 2724168 on Thu Dec 05 05:19:09 MST 2019)
* Project:        out_dataflow.prj
* Solution:       solution1
* Product family: zynquplus
* Target device:  xczu3eg-sbva484-1-i


================================================================
== Performance Estimates
================================================================
+ Timing: 
    * Summary: 
    +--------+----------+----------+------------+
    |  Clock |  Target  | Estimated| Uncertainty|
    +--------+----------+----------+------------+
    |ap_clk  | 10.00 ns | 8.526 ns |   1.25 ns  |
    +--------+----------+----------+------------+

+ Latency: 
    * Summary: 
    +---------+---------+----------+----------+--------+--------+---------+
    |  Latency (cycles) |  Latency (absolute) |     Interval    | Pipeline|
    |   min   |   max   |    min   |    max   |   min  |   max  |   Type  |
    +---------+---------+----------+----------+--------+--------+---------+
    |   204802|   204802| 2.048 ms | 2.048 ms |  204802|  204802|   none  |
    +---------+---------+----------+----------+--------+--------+---------+

    + Detail: 
        * Instance: 
        N/A

        * Loop: 
        +------------------------------------------+---------+---------+----------+-----------+-----------+--------+----------+
        |                                          |  Latency (cycles) | Iteration|  Initiation Interval  |  Trip  |          |
        |                 Loop Name                |   min   |   max   |  Latency |  achieved |   target  |  Count | Pipelined|
        +------------------------------------------+---------+---------+----------+-----------+-----------+--------+----------+
        |- relu3_args02_relu3_args12_relu3_args22  |   204800|   204800|         2|          1|          1|  204800|    yes   |
        +------------------------------------------+---------+---------+----------+-----------+-----------+--------+----------+



================================================================
== Utilization Estimates
================================================================
* Summary: 
+-----------------+---------+-------+--------+-------+-----+
|       Name      | BRAM_18K| DSP48E|   FF   |  LUT  | URAM|
+-----------------+---------+-------+--------+-------+-----+
|DSP              |        -|      1|       -|      -|    -|
|Expression       |        -|      -|       0|    168|    -|
|FIFO             |        -|      -|       -|      -|    -|
|Instance         |        -|      -|       -|      -|    -|
|Memory           |        1|      -|       9|      9|    -|
|Multiplexer      |        -|      -|       -|     99|    -|
|Register         |        -|      -|      47|      -|    -|
+-----------------+---------+-------+--------+-------+-----+
|Total            |        1|      1|      56|    276|    0|
+-----------------+---------+-------+--------+-------+-----+
|Available        |      432|    360|  141120|  70560|    0|
+-----------------+---------+-------+--------+-------+-----+
|Utilization (%)  |    ~0   |   ~0  |   ~0   |   ~0  |    0|
+-----------------+---------+-------+--------+-------+-----+

+ Detail: 
    * Instance: 
    N/A

    * DSP48E: 
    +---------------------------+----------------------+--------------+
    |          Instance         |        Module        |  Expression  |
    +---------------------------+----------------------+--------------+
    |test_mac_muladd_1kYb_U769  |test_mac_muladd_1kYb  | i0 * i1 + i2 |
    +---------------------------+----------------------+--------------+

    * Memory: 
    +------------------+----------------------+---------+---+----+-----+------+-----+------+-------------+
    |      Memory      |        Module        | BRAM_18K| FF| LUT| URAM| Words| Bits| Banks| W*Bits*Banks|
    +------------------+----------------------+---------+---+----+-----+------+-----+------+-------------+
    |a_batchnorm3_V_U  |relu_bn3_a_batchnkWb  |        0|  9|   9|    0|    64|    9|     1|          576|
    |b_batchnorm3_V_U  |relu_bn3_b_batchnkXb  |        1|  0|   0|    0|    64|   21|     1|         1344|
    +------------------+----------------------+---------+---+----+-----+------+-----+------+-------------+
    |Total             |                      |        1|  9|   9|    0|   128|   30|     2|         1920|
    +------------------+----------------------+---------+---+----+-----+------+-----+------+-------------+

    * FIFO: 
    N/A

    * Expression: 
    +----------------------------------+----------+-------+---+----+------------+------------+
    |           Variable Name          | Operation| DSP48E| FF| LUT| Bitwidth P0| Bitwidth P1|
    +----------------------------------+----------+-------+---+----+------------+------------+
    |add_ln416_fu_192_p2               |     +    |      0|  0|  25|          18|           1|
    |add_ln417_fu_248_p2               |     +    |      0|  0|  21|           1|          14|
    |add_ln418_fu_242_p2               |     +    |      0|  0|  15|           1|           7|
    |and_ln417_fu_216_p2               |    and   |      0|  0|   2|           1|           1|
    |ap_block_pp0_stage0_01001         |    and   |      0|  0|   2|           1|           1|
    |icmp_ln1495_fu_290_p2             |   icmp   |      0|  0|  13|          16|           9|
    |icmp_ln416_fu_186_p2              |   icmp   |      0|  0|  20|          18|          17|
    |icmp_ln417_fu_198_p2              |   icmp   |      0|  0|  13|          14|          13|
    |icmp_ln418_fu_210_p2              |   icmp   |      0|  0|  11|           7|           8|
    |ap_block_state1                   |    or    |      0|  0|   2|           1|           1|
    |ap_block_state3_pp0_stage0_iter1  |    or    |      0|  0|   2|           1|           1|
    |or_ln1495_fu_313_p2               |    or    |      0|  0|   2|           1|           1|
    |or_ln418_fu_222_p2                |    or    |      0|  0|   2|           1|           1|
    |relu3_pipe_6_V_V_din              |  select  |      0|  0|   5|           1|           5|
    |select_ln1495_fu_305_p3           |  select  |      0|  0|   6|           1|           1|
    |select_ln417_fu_254_p3            |  select  |      0|  0|  14|           1|           1|
    |select_ln418_fu_228_p3            |  select  |      0|  0|   7|           1|           1|
    |ap_enable_pp0                     |    xor   |      0|  0|   2|           1|           2|
    |ap_enable_reg_pp0_iter1           |    xor   |      0|  0|   2|           2|           1|
    |xor_ln417_fu_204_p2               |    xor   |      0|  0|   2|           1|           2|
    +----------------------------------+----------+-------+---+----+------------+------------+
    |Total                             |          |      0|  0| 168|          89|          88|
    +----------------------------------+----------+-------+---+----+------------+------------+

    * Multiplexer: 
    +--------------------------+----+-----------+-----+-----------+
    |           Name           | LUT| Input Size| Bits| Total Bits|
    +--------------------------+----+-----------+-----+-----------+
    |ap_NS_fsm                 |  21|          4|    1|          4|
    |ap_done                   |   9|          2|    1|          2|
    |ap_enable_reg_pp0_iter1   |  15|          3|    1|          3|
    |args22_0_0_reg_175        |   9|          2|    7|         14|
    |conv3_pipe_5_V_V_blk_n    |   9|          2|    1|          2|
    |indvar_flatten11_reg_153  |   9|          2|   18|         36|
    |indvar_flatten_reg_164    |   9|          2|   14|         28|
    |real_start                |   9|          2|    1|          2|
    |relu3_pipe_6_V_V_blk_n    |   9|          2|    1|          2|
    +--------------------------+----+-----------+-----+-----------+
    |Total                     |  99|         21|   45|         93|
    +--------------------------+----+-----------+-----+-----------+

    * Register: 
    +--------------------------+----+----+-----+-----------+
    |           Name           | FF | LUT| Bits| Const Bits|
    +--------------------------+----+----+-----+-----------+
    |ap_CS_fsm                 |   3|   0|    3|          0|
    |ap_done_reg               |   1|   0|    1|          0|
    |ap_enable_reg_pp0_iter0   |   1|   0|    1|          0|
    |ap_enable_reg_pp0_iter1   |   1|   0|    1|          0|
    |args22_0_0_reg_175        |   7|   0|    7|          0|
    |icmp_ln416_reg_339        |   1|   0|    1|          0|
    |indvar_flatten11_reg_153  |  18|   0|   18|          0|
    |indvar_flatten_reg_164    |  14|   0|   14|          0|
    |start_once_reg            |   1|   0|    1|          0|
    +--------------------------+----+----+-----+-----------+
    |Total                     |  47|   0|   47|          0|
    +--------------------------+----+----+-----+-----------+



================================================================
== Interface
================================================================
* Summary: 
+--------------------------+-----+-----+------------+------------------+--------------+
|         RTL Ports        | Dir | Bits|  Protocol  |   Source Object  |    C Type    |
+--------------------------+-----+-----+------------+------------------+--------------+
|ap_clk                    |  in |    1| ap_ctrl_hs |     relu_bn3     | return value |
|ap_rst                    |  in |    1| ap_ctrl_hs |     relu_bn3     | return value |
|ap_start                  |  in |    1| ap_ctrl_hs |     relu_bn3     | return value |
|start_full_n              |  in |    1| ap_ctrl_hs |     relu_bn3     | return value |
|ap_done                   | out |    1| ap_ctrl_hs |     relu_bn3     | return value |
|ap_continue               |  in |    1| ap_ctrl_hs |     relu_bn3     | return value |
|ap_idle                   | out |    1| ap_ctrl_hs |     relu_bn3     | return value |
|ap_ready                  | out |    1| ap_ctrl_hs |     relu_bn3     | return value |
|start_out                 | out |    1| ap_ctrl_hs |     relu_bn3     | return value |
|start_write               | out |    1| ap_ctrl_hs |     relu_bn3     | return value |
|conv3_pipe_5_V_V_dout     |  in |   16|   ap_fifo  | conv3_pipe_5_V_V |    pointer   |
|conv3_pipe_5_V_V_empty_n  |  in |    1|   ap_fifo  | conv3_pipe_5_V_V |    pointer   |
|conv3_pipe_5_V_V_read     | out |    1|   ap_fifo  | conv3_pipe_5_V_V |    pointer   |
|relu3_pipe_6_V_V_din      | out |    5|   ap_fifo  | relu3_pipe_6_V_V |    pointer   |
|relu3_pipe_6_V_V_full_n   |  in |    1|   ap_fifo  | relu3_pipe_6_V_V |    pointer   |
|relu3_pipe_6_V_V_write    | out |    1|   ap_fifo  | relu3_pipe_6_V_V |    pointer   |
+--------------------------+-----+-----+------------+------------------+--------------+

