

================================================================
== Vivado HLS Report for 'relu_bn4'
================================================================
* Date:           Mon Dec  5 18:15:27 2022

* Version:        2019.2.1 (Build 2724168 on Thu Dec 05 05:19:09 MST 2019)
* Project:        out_dataflow.prj
* Solution:       solution1
* Product family: zynquplus
* Target device:  xczu3eg-sbva484-1-i


================================================================
== Performance Estimates
================================================================
+ Timing: 
    * Summary: 
    +--------+----------+----------+------------+
    |  Clock |  Target  | Estimated| Uncertainty|
    +--------+----------+----------+------------+
    |ap_clk  | 10.00 ns | 8.525 ns |   1.25 ns  |
    +--------+----------+----------+------------+

+ Latency: 
    * Summary: 
    +---------+---------+----------+----------+-------+-------+---------+
    |  Latency (cycles) |  Latency (absolute) |    Interval   | Pipeline|
    |   min   |   max   |    min   |    max   |  min  |  max  |   Type  |
    +---------+---------+----------+----------+-------+-------+---------+
    |    51202|    51202| 0.512 ms | 0.512 ms |  51202|  51202|   none  |
    +---------+---------+----------+----------+-------+-------+---------+

    + Detail: 
        * Instance: 
        N/A

        * Loop: 
        +------------------------------------------+---------+---------+----------+-----------+-----------+-------+----------+
        |                                          |  Latency (cycles) | Iteration|  Initiation Interval  |  Trip |          |
        |                 Loop Name                |   min   |   max   |  Latency |  achieved |   target  | Count | Pipelined|
        +------------------------------------------+---------+---------+----------+-----------+-----------+-------+----------+
        |- relu4_args03_relu4_args13_relu4_args23  |    51200|    51200|         2|          1|          1|  51200|    yes   |
        +------------------------------------------+---------+---------+----------+-----------+-----------+-------+----------+

============================================================
+ Verbose Summary: Synthesis Manager
============================================================
InlineROM: 1
ExposeGlobal: 0
============================================================
+ Verbose Summary: CDFG Model
============================================================
IsTopModel: 0
ResetActiveHigh: 1
IsCombinational: 2
IsDatapathOnly: 0
HasWiredReturn: 1
HasMFsm: 0
HasVarLatency: 1
IsPipeline: 0
IsRtlPipelined: 0
IsInstanceOverlapped: 0
IsDontTouch: 0
HasImplIP: 0
IsGatedGlobalClock: 0

+ Individual pipeline summary: 
  * Pipeline-0: initiation interval (II) = 1, depth = 2


============================================================
+ Verbose Summary: Schedule
============================================================
* Number of FSM states : 4
* Pipeline : 1
  Pipeline-0 : II = 1, D = 2, States = { 2 3 }
* Dataflow Pipeline: 0

* FSM state transitions: 
1 --> 2 
2 --> 4 3 
3 --> 2 
4 --> 

* FSM state operations: 

State 1 <SV = 0> <Delay = 0.75>
ST_1 : Operation 5 [1/1] (0.00ns)   --->   "call void (...)* @_ssdm_op_SpecInterface(i5* %relu4_pipe_8_V_V, [8 x i8]* @ap_fifo_str, i32 0, i32 0, [1 x i8]* @p_str374, i32 0, i32 0, [1 x i8]* @p_str375, [1 x i8]* @p_str376, [1 x i8]* @p_str377, i32 2, i32 2, i32 16, i32 16, [1 x i8]* @p_str378, [1 x i8]* @p_str379)"   --->   Operation 5 'specinterface' <Predicate = true> <Delay = 0.00>
ST_1 : Operation 6 [1/1] (0.00ns)   --->   "call void (...)* @_ssdm_op_SpecInterface(i16* %conv4_pipe_7_V_V, [8 x i8]* @ap_fifo_str, i32 0, i32 0, [1 x i8]* @p_str367, i32 0, i32 0, [1 x i8]* @p_str368, [1 x i8]* @p_str369, [1 x i8]* @p_str370, i32 2, i32 2, i32 16, i32 16, [1 x i8]* @p_str371, [1 x i8]* @p_str372)"   --->   Operation 6 'specinterface' <Predicate = true> <Delay = 0.00>
ST_1 : Operation 7 [1/1] (0.00ns)   --->   "%tmp = call i32 (...)* @_ssdm_op_SpecRegionBegin([9 x i8]* @p_str132)" [kernel.cpp:532]   --->   Operation 7 'specregionbegin' 'tmp' <Predicate = true> <Delay = 0.00>
ST_1 : Operation 8 [1/1] (0.75ns)   --->   "br label %0" [kernel.cpp:533]   --->   Operation 8 'br' <Predicate = true> <Delay = 0.75>

State 2 <SV = 1> <Delay = 2.63>
ST_2 : Operation 9 [1/1] (0.00ns)   --->   "%indvar_flatten11 = phi i16 [ 0, %relu4_y3_begin ], [ %add_ln533, %relu4_args23 ]" [kernel.cpp:533]   --->   Operation 9 'phi' 'indvar_flatten11' <Predicate = true> <Delay = 0.00>
ST_2 : Operation 10 [1/1] (0.00ns)   --->   "%indvar_flatten = phi i13 [ 0, %relu4_y3_begin ], [ %select_ln534, %relu4_args23 ]" [kernel.cpp:534]   --->   Operation 10 'phi' 'indvar_flatten' <Predicate = true> <Delay = 0.00>
ST_2 : Operation 11 [1/1] (0.00ns)   --->   "%args23_0_0 = phi i7 [ 0, %relu4_y3_begin ], [ %add_ln535, %relu4_args23 ]" [kernel.cpp:535]   --->   Operation 11 'phi' 'args23_0_0' <Predicate = true> <Delay = 0.00>
ST_2 : Operation 12 [1/1] (0.86ns)   --->   "%icmp_ln533 = icmp eq i16 %indvar_flatten11, -14336" [kernel.cpp:533]   --->   Operation 12 'icmp' 'icmp_ln533' <Predicate = true> <Delay = 0.86> <Core = "Cmp">   --->   Core 25 'Cmp' <Latency = 0> <II = 1> <Delay = 0.86> <FuncUnit> <Opcode : 'icmp'> <InPorts = 2> <OutPorts = 1>
ST_2 : Operation 13 [1/1] (1.01ns)   --->   "%add_ln533 = add i16 %indvar_flatten11, 1" [kernel.cpp:533]   --->   Operation 13 'add' 'add_ln533' <Predicate = true> <Delay = 1.01> <Core = "AddSub">   --->   Core 14 'AddSub' <Latency = 0> <II = 1> <Delay = 0.97> <FuncUnit> <Opcode : 'add' 'sub'> <InPorts = 2> <OutPorts = 1>
ST_2 : Operation 14 [1/1] (0.00ns)   --->   "br i1 %icmp_ln533, label %relu4_y3_end, label %relu4_args23" [kernel.cpp:533]   --->   Operation 14 'br' <Predicate = true> <Delay = 0.00>
ST_2 : Operation 15 [1/1] (0.86ns)   --->   "%icmp_ln534 = icmp eq i13 %indvar_flatten, 2560" [kernel.cpp:534]   --->   Operation 15 'icmp' 'icmp_ln534' <Predicate = (!icmp_ln533)> <Delay = 0.86> <Core = "Cmp">   --->   Core 25 'Cmp' <Latency = 0> <II = 1> <Delay = 0.86> <FuncUnit> <Opcode : 'icmp'> <InPorts = 2> <OutPorts = 1>
ST_2 : Operation 16 [1/1] (0.00ns) (grouped into LUT with out node select_ln535)   --->   "%xor_ln534 = xor i1 %icmp_ln534, true" [kernel.cpp:534]   --->   Operation 16 'xor' 'xor_ln534' <Predicate = (!icmp_ln533)> <Delay = 0.00> <Core = "LogicGate">   --->   Core 27 'LogicGate' <Latency = 0> <II = 1> <Delay = 0.33> <FuncUnit> <Opcode : 'and' 'or' 'xor'> <InPorts = 2> <OutPorts = 1>
ST_2 : Operation 17 [1/1] (0.86ns)   --->   "%icmp_ln535 = icmp eq i7 %args23_0_0, -64" [kernel.cpp:535]   --->   Operation 17 'icmp' 'icmp_ln535' <Predicate = (!icmp_ln533)> <Delay = 0.86> <Core = "Cmp">   --->   Core 25 'Cmp' <Latency = 0> <II = 1> <Delay = 0.86> <FuncUnit> <Opcode : 'icmp'> <InPorts = 2> <OutPorts = 1>
ST_2 : Operation 18 [1/1] (0.00ns) (grouped into LUT with out node select_ln535)   --->   "%and_ln534 = and i1 %icmp_ln535, %xor_ln534" [kernel.cpp:534]   --->   Operation 18 'and' 'and_ln534' <Predicate = (!icmp_ln533)> <Delay = 0.00> <Core = "LogicGate">   --->   Core 27 'LogicGate' <Latency = 0> <II = 1> <Delay = 0.33> <FuncUnit> <Opcode : 'and' 'or' 'xor'> <InPorts = 2> <OutPorts = 1>
ST_2 : Operation 19 [1/1] (0.00ns) (grouped into LUT with out node select_ln535)   --->   "%or_ln535 = or i1 %and_ln534, %icmp_ln534" [kernel.cpp:535]   --->   Operation 19 'or' 'or_ln535' <Predicate = (!icmp_ln533)> <Delay = 0.00> <Core = "LogicGate">   --->   Core 27 'LogicGate' <Latency = 0> <II = 1> <Delay = 0.33> <FuncUnit> <Opcode : 'and' 'or' 'xor'> <InPorts = 2> <OutPorts = 1>
ST_2 : Operation 20 [1/1] (0.42ns) (out node of the LUT)   --->   "%select_ln535 = select i1 %or_ln535, i7 0, i7 %args23_0_0" [kernel.cpp:535]   --->   Operation 20 'select' 'select_ln535' <Predicate = (!icmp_ln533)> <Delay = 0.42> <Core = "Sel">   --->   Core 26 'Sel' <Latency = 0> <II = 1> <Delay = 0.48> <FuncUnit> <Opcode : 'select'> <InPorts = 3> <OutPorts = 1>
ST_2 : Operation 21 [1/1] (0.00ns)   --->   "%zext_ln541 = zext i7 %select_ln535 to i64" [kernel.cpp:541]   --->   Operation 21 'zext' 'zext_ln541' <Predicate = (!icmp_ln533)> <Delay = 0.00>
ST_2 : Operation 22 [1/1] (0.00ns)   --->   "%a_batchnorm4_V_addr = getelementptr [64 x i8]* @a_batchnorm4_V, i64 0, i64 %zext_ln541" [kernel.cpp:541]   --->   Operation 22 'getelementptr' 'a_batchnorm4_V_addr' <Predicate = (!icmp_ln533)> <Delay = 0.00>
ST_2 : Operation 23 [2/2] (1.35ns)   --->   "%a_batchnorm4_V_load = load i8* %a_batchnorm4_V_addr, align 1" [kernel.cpp:541]   --->   Operation 23 'load' 'a_batchnorm4_V_load' <Predicate = (!icmp_ln533)> <Delay = 1.35> <Core = "ROM_nP">   --->   Core 52 'ROM_nP' <Latency = 1> <II = 1> <Delay = 1.35> <Storage> <Opcode : 'load'> <Ports = 0> <Width = 20> <Depth = 64> <ROM>
ST_2 : Operation 24 [1/1] (0.00ns)   --->   "%b_batchnorm4_V_addr = getelementptr [64 x i20]* @b_batchnorm4_V, i64 0, i64 %zext_ln541" [kernel.cpp:541]   --->   Operation 24 'getelementptr' 'b_batchnorm4_V_addr' <Predicate = (!icmp_ln533)> <Delay = 0.00>
ST_2 : Operation 25 [2/2] (1.35ns)   --->   "%b_batchnorm4_V_load = load i20* %b_batchnorm4_V_addr, align 4" [kernel.cpp:541]   --->   Operation 25 'load' 'b_batchnorm4_V_load' <Predicate = (!icmp_ln533)> <Delay = 1.35> <Core = "ROM_nP">   --->   Core 52 'ROM_nP' <Latency = 1> <II = 1> <Delay = 1.35> <Storage> <Opcode : 'load'> <Ports = 0> <Width = 20> <Depth = 64> <ROM>
ST_2 : Operation 26 [1/1] (0.89ns)   --->   "%add_ln535 = add i7 1, %select_ln535" [kernel.cpp:535]   --->   Operation 26 'add' 'add_ln535' <Predicate = (!icmp_ln533)> <Delay = 0.89> <Core = "AddSub">   --->   Core 14 'AddSub' <Latency = 0> <II = 1> <Delay = 0.97> <FuncUnit> <Opcode : 'add' 'sub'> <InPorts = 2> <OutPorts = 1>
ST_2 : Operation 27 [1/1] (0.97ns)   --->   "%add_ln534 = add i13 1, %indvar_flatten" [kernel.cpp:534]   --->   Operation 27 'add' 'add_ln534' <Predicate = (!icmp_ln533)> <Delay = 0.97> <Core = "AddSub">   --->   Core 14 'AddSub' <Latency = 0> <II = 1> <Delay = 0.97> <FuncUnit> <Opcode : 'add' 'sub'> <InPorts = 2> <OutPorts = 1>
ST_2 : Operation 28 [1/1] (0.48ns)   --->   "%select_ln534 = select i1 %icmp_ln534, i13 1, i13 %add_ln534" [kernel.cpp:534]   --->   Operation 28 'select' 'select_ln534' <Predicate = (!icmp_ln533)> <Delay = 0.48> <Core = "Sel">   --->   Core 26 'Sel' <Latency = 0> <II = 1> <Delay = 0.48> <FuncUnit> <Opcode : 'select'> <InPorts = 3> <OutPorts = 1>

State 3 <SV = 2> <Delay = 8.52>
ST_3 : Operation 29 [1/1] (0.00ns)   --->   "call void (...)* @_ssdm_op_SpecLoopName([39 x i8]* @relu4_args03_relu4_a)"   --->   Operation 29 'specloopname' <Predicate = (!icmp_ln533)> <Delay = 0.00>
ST_3 : Operation 30 [1/1] (0.00ns)   --->   "%empty_71 = call i32 (...)* @_ssdm_op_SpecLoopTripCount(i64 51200, i64 51200, i64 51200)"   --->   Operation 30 'speclooptripcount' 'empty_71' <Predicate = (!icmp_ln533)> <Delay = 0.00>
ST_3 : Operation 31 [1/1] (0.00ns)   --->   "call void (...)* @_ssdm_op_SpecLoopName([26 x i8]* @relu4_args13_relu4_a)"   --->   Operation 31 'specloopname' <Predicate = (!icmp_ln533)> <Delay = 0.00>
ST_3 : Operation 32 [1/1] (0.00ns)   --->   "call void (...)* @_ssdm_op_SpecLoopName([13 x i8]* @p_str135) nounwind" [kernel.cpp:535]   --->   Operation 32 'specloopname' <Predicate = (!icmp_ln533)> <Delay = 0.00>
ST_3 : Operation 33 [1/1] (0.00ns)   --->   "%tmp_5 = call i32 (...)* @_ssdm_op_SpecRegionBegin([13 x i8]* @p_str135)" [kernel.cpp:535]   --->   Operation 33 'specregionbegin' 'tmp_5' <Predicate = (!icmp_ln533)> <Delay = 0.00>
ST_3 : Operation 34 [1/1] (0.00ns)   --->   "call void (...)* @_ssdm_op_SpecPipeline(i32 -1, i32 1, i32 1, i32 0, [1 x i8]* @p_str24) nounwind" [kernel.cpp:536]   --->   Operation 34 'specpipeline' <Predicate = (!icmp_ln533)> <Delay = 0.00>
ST_3 : Operation 35 [1/1] (2.16ns)   --->   "%tmp_V = call i16 @_ssdm_op_Read.ap_fifo.volatile.i16P(i16* %conv4_pipe_7_V_V)" [kernel.cpp:540]   --->   Operation 35 'read' 'tmp_V' <Predicate = (!icmp_ln533)> <Delay = 2.16> <Core = "FIFO_SRL">   --->   Core 36 'FIFO_SRL' <Latency = 0> <II = 1> <Delay = 2.16> <Storage> <Opcode : 'read' 'write' 'nbread' 'nbwrite'> <Ports = 0> <Width = 5> <Depth = 0> <FIFO>
ST_3 : Operation 36 [1/2] (1.35ns)   --->   "%a_batchnorm4_V_load = load i8* %a_batchnorm4_V_addr, align 1" [kernel.cpp:541]   --->   Operation 36 'load' 'a_batchnorm4_V_load' <Predicate = (!icmp_ln533)> <Delay = 1.35> <Core = "ROM_nP">   --->   Core 52 'ROM_nP' <Latency = 1> <II = 1> <Delay = 1.35> <Storage> <Opcode : 'load'> <Ports = 0> <Width = 20> <Depth = 64> <ROM>
ST_3 : Operation 37 [1/1] (0.00ns)   --->   "%zext_ln703 = zext i8 %a_batchnorm4_V_load to i24" [kernel.cpp:541]   --->   Operation 37 'zext' 'zext_ln703' <Predicate = (!icmp_ln533)> <Delay = 0.00>
ST_3 : Operation 38 [1/1] (0.00ns)   --->   "%sext_ln703 = sext i16 %tmp_V to i24" [kernel.cpp:541]   --->   Operation 38 'sext' 'sext_ln703' <Predicate = (!icmp_ln533)> <Delay = 0.00>
ST_3 : Operation 39 [1/1] (0.63ns) (grouped into DSP with root node add_ln1192)   --->   "%mul_ln703 = mul i24 %sext_ln703, %zext_ln703" [kernel.cpp:541]   --->   Operation 39 'mul' 'mul_ln703' <Predicate = (!icmp_ln533)> <Delay = 0.63> <Core = "DSP48">   --->   Core 88 'DSP48' <Latency = 0> <II = 1> <Delay = 2.84> <IPBlock> <Opcode : 'mul' 'add' 'sub' 'select'> <InPorts = 2> <OutPorts = 1> <Sync> <CReg>
ST_3 : Operation 40 [1/1] (0.00ns) (grouped into DSP with root node add_ln1192)   --->   "%sext_ln703_2 = sext i24 %mul_ln703 to i25" [kernel.cpp:541]   --->   Operation 40 'sext' 'sext_ln703_2' <Predicate = (!icmp_ln533)> <Delay = 0.00>
ST_3 : Operation 41 [1/2] (1.35ns)   --->   "%b_batchnorm4_V_load = load i20* %b_batchnorm4_V_addr, align 4" [kernel.cpp:541]   --->   Operation 41 'load' 'b_batchnorm4_V_load' <Predicate = (!icmp_ln533)> <Delay = 1.35> <Core = "ROM_nP">   --->   Core 52 'ROM_nP' <Latency = 1> <II = 1> <Delay = 1.35> <Storage> <Opcode : 'load'> <Ports = 0> <Width = 20> <Depth = 64> <ROM>
ST_3 : Operation 42 [1/1] (0.00ns)   --->   "%sext_ln1192 = sext i20 %b_batchnorm4_V_load to i25" [kernel.cpp:541]   --->   Operation 42 'sext' 'sext_ln1192' <Predicate = (!icmp_ln533)> <Delay = 0.00>
ST_3 : Operation 43 [1/1] (2.20ns) (root node of the DSP)   --->   "%add_ln1192 = add i25 %sext_ln703_2, %sext_ln1192" [kernel.cpp:541]   --->   Operation 43 'add' 'add_ln1192' <Predicate = (!icmp_ln533)> <Delay = 2.20> <Core = "DSP48">   --->   Core 88 'DSP48' <Latency = 0> <II = 1> <Delay = 2.84> <IPBlock> <Opcode : 'mul' 'add' 'sub' 'select'> <InPorts = 2> <OutPorts = 1> <Sync> <CReg>
ST_3 : Operation 44 [1/1] (0.00ns)   --->   "%trunc_ln = call i15 @_ssdm_op_PartSelect.i15.i25.i32.i32(i25 %add_ln1192, i32 10, i32 24)" [kernel.cpp:541]   --->   Operation 44 'partselect' 'trunc_ln' <Predicate = (!icmp_ln533)> <Delay = 0.00>
ST_3 : Operation 45 [1/1] (0.00ns)   --->   "%tmp_8 = call i1 @_ssdm_op_BitSelect.i1.i25.i32(i25 %add_ln1192, i32 24)" [kernel.cpp:542]   --->   Operation 45 'bitselect' 'tmp_8' <Predicate = (!icmp_ln533)> <Delay = 0.00>
ST_3 : Operation 46 [1/1] (0.86ns)   --->   "%icmp_ln1495 = icmp sgt i15 %trunc_ln, 256" [kernel.cpp:542]   --->   Operation 46 'icmp' 'icmp_ln1495' <Predicate = (!icmp_ln533)> <Delay = 0.86> <Core = "Cmp">   --->   Core 25 'Cmp' <Latency = 0> <II = 1> <Delay = 0.86> <FuncUnit> <Opcode : 'icmp'> <InPorts = 2> <OutPorts = 1>
ST_3 : Operation 47 [1/1] (0.00ns) (grouped into LUT with out node tmp_V_4)   --->   "%tmp_s = call i5 @_ssdm_op_PartSelect.i5.i25.i32.i32(i25 %add_ln1192, i32 14, i32 18)" [kernel.cpp:542]   --->   Operation 47 'partselect' 'tmp_s' <Predicate = (!icmp_ln533)> <Delay = 0.00>
ST_3 : Operation 48 [1/1] (0.00ns) (grouped into LUT with out node tmp_V_4)   --->   "%select_ln1495 = select i1 %tmp_8, i5 0, i5 -16" [kernel.cpp:542]   --->   Operation 48 'select' 'select_ln1495' <Predicate = (!icmp_ln533)> <Delay = 0.00> <Core = "Sel">   --->   Core 26 'Sel' <Latency = 0> <II = 1> <Delay = 0.48> <FuncUnit> <Opcode : 'select'> <InPorts = 3> <OutPorts = 1>
ST_3 : Operation 49 [1/1] (0.00ns) (grouped into LUT with out node tmp_V_4)   --->   "%or_ln1495 = or i1 %tmp_8, %icmp_ln1495" [kernel.cpp:542]   --->   Operation 49 'or' 'or_ln1495' <Predicate = (!icmp_ln533)> <Delay = 0.00> <Core = "LogicGate">   --->   Core 27 'LogicGate' <Latency = 0> <II = 1> <Delay = 0.33> <FuncUnit> <Opcode : 'and' 'or' 'xor'> <InPorts = 2> <OutPorts = 1>
ST_3 : Operation 50 [1/1] (0.48ns) (out node of the LUT)   --->   "%tmp_V_4 = select i1 %or_ln1495, i5 %select_ln1495, i5 %tmp_s" [kernel.cpp:542]   --->   Operation 50 'select' 'tmp_V_4' <Predicate = (!icmp_ln533)> <Delay = 0.48> <Core = "Sel">   --->   Core 26 'Sel' <Latency = 0> <II = 1> <Delay = 0.48> <FuncUnit> <Opcode : 'select'> <InPorts = 3> <OutPorts = 1>
ST_3 : Operation 51 [1/1] (2.16ns)   --->   "call void @_ssdm_op_Write.ap_fifo.volatile.i5P(i5* %relu4_pipe_8_V_V, i5 %tmp_V_4)" [kernel.cpp:543]   --->   Operation 51 'write' <Predicate = (!icmp_ln533)> <Delay = 2.16> <Core = "FIFO_SRL">   --->   Core 36 'FIFO_SRL' <Latency = 0> <II = 1> <Delay = 2.16> <Storage> <Opcode : 'read' 'write' 'nbread' 'nbwrite'> <Ports = 0> <Width = 5> <Depth = 0> <FIFO>
ST_3 : Operation 52 [1/1] (0.00ns)   --->   "%empty_72 = call i32 (...)* @_ssdm_op_SpecRegionEnd([13 x i8]* @p_str135, i32 %tmp_5)" [kernel.cpp:544]   --->   Operation 52 'specregionend' 'empty_72' <Predicate = (!icmp_ln533)> <Delay = 0.00>
ST_3 : Operation 53 [1/1] (0.00ns)   --->   "br label %0"   --->   Operation 53 'br' <Predicate = (!icmp_ln533)> <Delay = 0.00>

State 4 <SV = 2> <Delay = 0.00>
ST_4 : Operation 54 [1/1] (0.00ns)   --->   "%empty = call i32 (...)* @_ssdm_op_SpecRegionEnd([9 x i8]* @p_str132, i32 %tmp)" [kernel.cpp:547]   --->   Operation 54 'specregionend' 'empty' <Predicate = true> <Delay = 0.00>
ST_4 : Operation 55 [1/1] (0.00ns)   --->   "ret void" [kernel.cpp:548]   --->   Operation 55 'ret' <Predicate = true> <Delay = 0.00>


============================================================
+ Verbose Summary: Timing violations
============================================================
Target clock period: 10ns, clock uncertainty: 1.25ns.

 <State 1>: 0.755ns
The critical path consists of the following:
	multiplexor before 'phi' operation ('indvar_flatten11', kernel.cpp:533) with incoming values : ('add_ln533', kernel.cpp:533) [12]  (0.755 ns)

 <State 2>: 2.63ns
The critical path consists of the following:
	'phi' operation ('args23_0_0', kernel.cpp:535) with incoming values : ('add_ln535', kernel.cpp:535) [14]  (0 ns)
	'icmp' operation ('icmp_ln535', kernel.cpp:535) [23]  (0.863 ns)
	'and' operation ('and_ln534', kernel.cpp:534) [24]  (0 ns)
	'or' operation ('or_ln535', kernel.cpp:535) [26]  (0 ns)
	'select' operation ('select_ln535', kernel.cpp:535) [27]  (0.42 ns)
	'getelementptr' operation ('a_batchnorm4_V_addr', kernel.cpp:541) [33]  (0 ns)
	'load' operation ('a_batchnorm4_V_load', kernel.cpp:541) on array 'a_batchnorm4_V' [34]  (1.35 ns)

 <State 3>: 8.52ns
The critical path consists of the following:
	fifo read on port 'conv4_pipe_7_V_V' (kernel.cpp:540) [31]  (2.17 ns)
	'mul' operation of DSP[42] ('mul_ln703', kernel.cpp:541) [37]  (0.638 ns)
	'add' operation of DSP[42] ('add_ln1192', kernel.cpp:541) [42]  (2.21 ns)
	'icmp' operation ('icmp_ln1495', kernel.cpp:542) [45]  (0.865 ns)
	'or' operation ('or_ln1495', kernel.cpp:542) [48]  (0 ns)
	'select' operation ('tmp.V', kernel.cpp:542) [49]  (0.48 ns)
	fifo write on port 'relu4_pipe_8_V_V' (kernel.cpp:543) [50]  (2.17 ns)

 <State 4>: 0ns
The critical path consists of the following:


============================================================
+ Verbose Summary: Binding
============================================================
N/A
* FSMD analyzer results:
  - Output states:
 - Input state : 
  - Chain level:
	State 1
	State 2
	State 3
	State 4


============================================================
+ Verbose Summary: Datapath Resource usage 
============================================================
N/A
